Unity Editor version:    2021.1.25f1 (b6f2b893ea32)
Branch:                  2021.1/staging
Build type:              Release
Batch mode:              YES
System name:             Linux
Distro version:          #101~18.04.1-Ubuntu SMP Fri Oct 22 09:25:04 UTC 2021
Kernel version:          5.4.0-90-generic
Architecture:            x86_64
Available memory:        19751 MB
Using pre-set license
Pro License: NO
Desktop is 1920 x 1080 @ 60 Hz

COMMAND LINE ARGUMENTS:
Unity
-adb2
-batchMode
-noUpm
-name
AssetImportWorker0
-projectPath
/home/daniel/Code/cbsim/WaveEnv
-logFile
Logs/AssetImportWorker0.log
-srvPort
41007
Successfully changed project path to: /home/daniel/Code/cbsim/WaveEnv
/home/daniel/Code/cbsim/WaveEnv
Using Asset Import Pipeline V2.
Refreshing native plugins compatible for Editor in 168,35 ms, found 1 plugins.
Preloading 0 native plugins for Editor in 0,00 ms.
Initialize engine version: 2021.1.25f1 (b6f2b893ea32)
[Subsystems] Discovering subsystems at path /home/daniel/Unity/Hub/Editor/2021.1.25f1/Editor/Data/Resources/UnitySubsystems
[Subsystems] Discovering subsystems at path /home/daniel/Code/cbsim/WaveEnv/Assets
GLX Extensions: GLX_ARB_create_context GLX_ARB_create_context_no_error GLX_ARB_create_context_profile GLX_ARB_create_context_robustness GLX_ARB_fbconfig_float GLX_ARB_framebuffer_sRGB GLX_ARB_get_proc_address GLX_ARB_multisample GLX_EXT_buffer_age GLX_EXT_create_context_es2_profile GLX_EXT_create_context_es_profile GLX_EXT_fbconfig_packed_float GLX_EXT_framebuffer_sRGB GLX_EXT_import_context GLX_EXT_texture_from_pixmap GLX_EXT_visual_info GLX_EXT_visual_rating GLX_INTEL_swap_event GLX_MESA_copy_sub_buffer GLX_MESA_query_renderer GLX_MESA_swap_control GLX_OML_swap_method GLX_OML_sync_control GLX_SGIS_multisample GLX_SGIX_fbconfig GLX_SGIX_pbuffer GLX_SGIX_visual_select_group GLX_SGI_make_current_read GLX_SGI_swap_control GLX_SGI_video_sync 
Renderer: Mesa DRI Intel(R) HD Graphics 520 (SKL GT2)
Vendor:   Intel Open Source Technology Center
Version:  4.6 (Core Profile) Mesa 20.0.8
GLES:     0
 GL_3DFX_texture_compression_FXT1 GL_AMD_conservative_depth GL_AMD_depth_clamp_separate GL_AMD_draw_buffers_blend GL_AMD_gpu_shader_int64 GL_AMD_multi_draw_indirect GL_AMD_query_buffer_object GL_AMD_seamless_cubemap_per_texture GL_AMD_shader_stencil_export GL_AMD_shader_trinary_minmax GL_AMD_texture_texture4 GL_AMD_vertex_shader_layer GL_AMD_vertex_shader_viewport_index GL_ANGLE_texture_compression_dxt3 GL_ANGLE_texture_compression_dxt5 GL_APPLE_object_purgeable GL_ARB_ES2_compatibility GL_ARB_ES3_1_compatibility GL_ARB_ES3_2_compatibility GL_ARB_ES3_compatibility GL_ARB_arrays_of_arrays GL_ARB_base_instance GL_ARB_blend_func_extended GL_ARB_buffer_storage GL_ARB_clear_buffer_object GL_ARB_clear_texture GL_ARB_clip_control GL_ARB_compressed_texture_pixel_storage GL_ARB_compute_shader GL_ARB_conditional_render_inverted GL_ARB_conservative_depth GL_ARB_copy_buffer GL_ARB_copy_image GL_ARB_cull_distance GL_ARB_debug_output GL_ARB_depth_buffer_float GL_ARB_depth_clamp GL_ARB_derivative_control GL_ARB_direct_stat
e_access GL_ARB_draw_buffers GL_ARB_draw_buffers_blend GL_ARB_draw_elements_base_vertex GL_ARB_draw_indirect GL_ARB_draw_instanced GL_ARB_enhanced_layouts GL_ARB_explicit_attrib_location GL_ARB_explicit_uniform_location GL_ARB_fragment_coord_conventions GL_ARB_fragment_layer_viewport GL_ARB_fragment_shader GL_ARB_fragment_shader_interlock GL_ARB_framebuffer_no_attachments GL_ARB_framebuffer_object GL_ARB_framebuffer_sRGB GL_ARB_get_program_binary GL_ARB_get_texture_sub_image GL_ARB_gl_spirv GL_ARB_gpu_shader5 GL_ARB_gpu_shader_fp64 GL_ARB_gpu_shader_int64 GL_ARB_half_float_pixel GL_ARB_half_float_vertex GL_ARB_indirect_parameters GL_ARB_instanced_arrays GL_ARB_internalformat_query GL_ARB_internalformat_query2 GL_ARB_invalidate_subdata GL_ARB_map_buffer_alignment GL_ARB_map_buffer_range GL_ARB_multi_bind GL_ARB_multi_draw_indirect GL_ARB_occlusion_query2 GL_ARB_parallel_shader_compile GL_ARB_pipeline_statistics_query GL_ARB_pixel_buffer_object GL_ARB_point_sprite GL_ARB_polygon_offset_clamp GL_ARB_post_depth_
coverage GL_ARB_program_interface_query GL_ARB_provoking_vertex GL_ARB_query_buffer_object GL_ARB_robust_buffer_access_behavior GL_ARB_robustness GL_ARB_sample_shading GL_ARB_sampler_objects GL_ARB_seamless_cube_map GL_ARB_seamless_cubemap_per_texture GL_ARB_separate_shader_objects GL_ARB_shader_atomic_counter_ops GL_ARB_shader_atomic_counters GL_ARB_shader_ballot GL_ARB_shader_bit_encoding GL_ARB_shader_clock GL_ARB_shader_draw_parameters GL_ARB_shader_group_vote GL_ARB_shader_image_load_store GL_ARB_shader_image_size GL_ARB_shader_objects GL_ARB_shader_precision GL_ARB_shader_stencil_export GL_ARB_shader_storage_buffer_object GL_ARB_shader_subroutine GL_ARB_shader_texture_image_samples GL_ARB_shader_texture_lod GL_ARB_shader_viewport_layer_array GL_ARB_shading_language_420pack GL_ARB_shading_language_include GL_ARB_shading_language_packing GL_ARB_spirv_extensions GL_ARB_stencil_texturing GL_ARB_sync GL_ARB_tessellation_shader GL_ARB_texture_barrier GL_ARB_texture_buffer_object GL_ARB_texture_buffer_object_
rgb32 GL_ARB_texture_buffer_range GL_ARB_texture_compression_bptc GL_ARB_texture_compression_rgtc GL_ARB_texture_cube_map_array GL_ARB_texture_filter_anisotropic GL_ARB_texture_float GL_ARB_texture_gather GL_ARB_texture_mirror_clamp_to_edge GL_ARB_texture_multisample GL_ARB_texture_non_power_of_two GL_ARB_texture_query_levels GL_ARB_texture_query_lod GL_ARB_texture_rectangle GL_ARB_texture_rg GL_ARB_texture_rgb10_a2ui GL_ARB_texture_stencil8 GL_ARB_texture_storage GL_ARB_texture_storage_multisample GL_ARB_texture_swizzle GL_ARB_texture_view GL_ARB_timer_query GL_ARB_transform_feedback2 GL_ARB_transform_feedback3 GL_ARB_transform_feedback_instanced GL_ARB_transform_feedback_overflow_query GL_ARB_uniform_buffer_object GL_ARB_vertex_array_bgra GL_ARB_vertex_array_object GL_ARB_vertex_attrib_64bit GL_ARB_vertex_attrib_binding GL_ARB_vertex_buffer_object GL_ARB_vertex_shader GL_ARB_vertex_type_10f_11f_11f_rev GL_ARB_vertex_type_2_10_10_10_rev GL_ARB_viewport_array GL_ATI_blend_equation_separate GL_ATI_texture_flo
at GL_EXT_EGL_image_storage GL_EXT_EGL_sync GL_EXT_abgr GL_EXT_blend_equation_separate GL_EXT_demote_to_helper_invocation GL_EXT_draw_buffers2 GL_EXT_draw_instanced GL_EXT_framebuffer_blit GL_EXT_framebuffer_multisample GL_EXT_framebuffer_multisample_blit_scaled GL_EXT_framebuffer_object GL_EXT_framebuffer_sRGB GL_EXT_packed_depth_stencil GL_EXT_packed_float GL_EXT_pixel_buffer_object GL_EXT_polygon_offset_clamp GL_EXT_provoking_vertex GL_EXT_shader_framebuffer_fetch GL_EXT_shader_framebuffer_fetch_non_coherent GL_EXT_shader_integer_mix GL_EXT_shader_samples_identical GL_EXT_texture_array GL_EXT_texture_compression_dxt1 GL_EXT_texture_compression_rgtc GL_EXT_texture_compression_s3tc GL_EXT_texture_filter_anisotropic GL_EXT_texture_integer GL_EXT_texture_sRGB GL_EXT_texture_sRGB_R8 GL_EXT_texture_sRGB_decode GL_EXT_texture_shadow_lod GL_EXT_texture_shared_exponent GL_EXT_texture_snorm GL_EXT_texture_swizzle GL_EXT_timer_query GL_EXT_transform_feedback GL_EXT_vertex_array_bgra GL_EXT_vertex_attrib_64bit GL_IBM
_multimode_draw_arrays GL_INTEL_conservative_rasterization GL_INTEL_performance_query GL_INTEL_shader_atomic_float_minmax GL_INTEL_shader_integer_functions2 GL_KHR_blend_equation_advanced GL_KHR_blend_equation_advanced_coherent GL_KHR_context_flush_control GL_KHR_debug GL_KHR_no_error GL_KHR_parallel_shader_compile GL_KHR_robust_buffer_access_behavior GL_KHR_robustness GL_KHR_texture_compression_astc_ldr GL_KHR_texture_compression_astc_sliced_3d GL_MESA_framebuffer_flip_y GL_MESA_pack_invert GL_MESA_shader_integer_functions GL_MESA_texture_signed_rgba GL_NV_compute_shader_derivatives GL_NV_conditional_render GL_NV_depth_clamp GL_NV_fragment_shader_interlock GL_NV_packed_depth_stencil GL_NV_texture_barrier GL_OES_EGL_image GL_S3_s3tc
OPENGL LOG: Creating OpenGL 4.6 graphics device ; Context level  <OpenGL 4.5> ; Context handle 1529157136
Initialize mono
Mono path[0] = '/home/daniel/Unity/Hub/Editor/2021.1.25f1/Editor/Data/Managed'
Mono path[1] = '/home/daniel/Unity/Hub/Editor/2021.1.25f1/Editor/Data/MonoBleedingEdge/lib/mono/unityjit'
Mono config path = '/home/daniel/Unity/Hub/Editor/2021.1.25f1/Editor/Data/MonoBleedingEdge/etc'
Using monoOptions --debugger-agent=transport=dt_socket,embedding=1,server=y,suspend=n,address=127.0.0.1:56092
Begin MonoManager ReloadAssembly
Registering precompiled unity dll's ...
Register platform support module: /home/daniel/Unity/Hub/Editor/2021.1.25f1/Editor/Data/PlaybackEngines/LinuxStandaloneSupport/UnityEditor.LinuxStandalone.Extensions.dll
Registered in 0,001521 seconds.
Native extension for LinuxStandalone target not found
Refreshing native plugins compatible for Editor in 117,27 ms, found 1 plugins.
Preloading 0 native plugins for Editor in 0,00 ms.
Mono: successfully reloaded assembly
- Completed reload, in  2,044 seconds
Domain Reload Profiling:
	ReloadAssembly (2044ms)
		BeginReloadAssembly (85ms)
			ExecutionOrderSort (0ms)
			DisableScriptedObjects (0ms)
			BackupInstance (0ms)
			ReleaseScriptingObjects (0ms)
			CreateAndSetChildDomain (1ms)
		EndReloadAssembly (745ms)
			LoadAssemblies (83ms)
			RebuildTransferFunctionScriptingTraits (0ms)
			SetupTypeCache (191ms)
			ReleaseScriptCaches (0ms)
			RebuildScriptCaches (52ms)
			SetupLoadedEditorAssemblies (443ms)
				LogAssemblyErrors (0ms)
				InitializePlatformSupportModulesInManaged (8ms)
				SetLoadedEditorAssemblies (0ms)
				RefreshPlugins (117ms)
				BeforeProcessingInitializeOnLoad (3ms)
				ProcessInitializeOnLoadAttributes (269ms)
				ProcessInitializeOnLoadMethodAttributes (46ms)
				AfterProcessingInitializeOnLoad (0ms)
				EditorAssembliesLoaded (0ms)
			ExecutionOrderSort2 (0ms)
			AwakeInstancesAfterBackupRestoration (0ms)
Platform modules already initialized, skipping
Registering precompiled user dll's ...
Registered in 0,008089 seconds.
Begin MonoManager ReloadAssembly
Symbol file LoadedFromMemory doesn't match image /home/daniel/Code/cbsim/WaveEnv/Library/PackageCache/com.unity.visualscripting@1.6.1/Editor/VisualScripting.Core/Dependencies/YamlDotNet/Unity.VisualScripting.YamlDotNet.dll
Symbol file LoadedFromMemory doesn't match image /home/daniel/Code/cbsim/WaveEnv/Library/PackageCache/com.unity.visualscripting@1.6.1/Editor/VisualScripting.Core/Dependencies/DotNetZip/Unity.VisualScripting.IonicZip.dll
Native extension for LinuxStandalone target not found
Refreshing native plugins compatible for Editor in 112,06 ms, found 1 plugins.
Preloading 0 native plugins for Editor in 0,00 ms.
Mono: successfully reloaded assembly
- Completed reload, in  2,673 seconds
Domain Reload Profiling:
	ReloadAssembly (2674ms)
		BeginReloadAssembly (177ms)
			ExecutionOrderSort (0ms)
			DisableScriptedObjects (7ms)
			BackupInstance (0ms)
			ReleaseScriptingObjects (0ms)
			CreateAndSetChildDomain (25ms)
		EndReloadAssembly (2418ms)
			LoadAssemblies (106ms)
			RebuildTransferFunctionScriptingTraits (0ms)
			SetupTypeCache (718ms)
			ReleaseScriptCaches (1ms)
			RebuildScriptCaches (89ms)
			SetupLoadedEditorAssemblies (1363ms)
				LogAssemblyErrors (0ms)
				InitializePlatformSupportModulesInManaged (5ms)
				SetLoadedEditorAssemblies (0ms)
				RefreshPlugins (112ms)
				BeforeProcessingInitializeOnLoad (100ms)
				ProcessInitializeOnLoadAttributes (1133ms)
				ProcessInitializeOnLoadMethodAttributes (6ms)
				AfterProcessingInitializeOnLoad (7ms)
				EditorAssembliesLoaded (0ms)
			ExecutionOrderSort2 (0ms)
			AwakeInstancesAfterBackupRestoration (9ms)
Platform modules already initialized, skipping
========================================================================
Worker process is ready to serve import requests
Launched and connected shader compiler UnityShaderCompiler after 0.01 seconds
Refreshing native plugins compatible for Editor in 0,87 ms, found 1 plugins.
Preloading 0 native plugins for Editor in 0,00 ms.
Unloading 3617 Unused Serialized files (Serialized files now loaded: 0)
System memory in use before: 136,7 MB.
System memory in use after: 136,9 MB.

Unloading 38 unused Assets to reduce memory usage. Loaded Objects now: 4050.
Total: 7,679436 ms (FindLiveObjects: 0,344511 ms CreateObjectMapping: 0,205272 ms MarkObjects: 6,960632 ms  DeleteObjects: 0,167526 ms)

AssetImportParameters requested are different than current active one (requested -> active):
  custom:video-decoder-ogg-theora: a1e56fd34408186e4bbccfd4996cb3dc -> 
  custom:container-muxer-webm: aa71ff27fc2769a1b78a27578f13a17b -> 
  custom:container-demuxer-webm: 4f35f7cbe854078d1ac9338744f61a02 -> 
  custom:container-demuxer-ogg: 62fdf1f143b41e24485cea50d1cbac27 -> 
  custom:video-encoder-webm-vp8: eb34c28f22e8b96e1ab97ce403110664 -> 
  custom:video-decoder-webm-vp8: 9c59270c3fd7afecdb556c50c9e8de78 -> 
  custom:audio-decoder-ogg-vorbis: bf7c407c2cedff20999df2af8eb42d56 -> 
  custom:audio-encoder-webm-vorbis: bf7c407c2cedff20999df2af8eb42d56 -> 
========================================================================
Received Import Request.
  path: Assets/AddOns/RosSharp/Urdf/default/crowdbotsim/meshes/RElbowRoll_shiny.obj
  artifactKey: Guid(62cb953d31bc37517907d85e44a8c93a) Importer(815301076,1909f56bfc062723c751e8b465ee728b)
Start importing Assets/AddOns/RosSharp/Urdf/default/crowdbotsim/meshes/RElbowRoll_shiny.obj using Guid(62cb953d31bc37517907d85e44a8c93a) Importer(815301076,1909f56bfc062723c751e8b465ee728b)  -> (artifact id: '7f1c37484145e8c153773717ad759161') in 0,153315 seconds 
========================================================================
Received Import Request.
  Time since last request: 0,000301 seconds.
  path: Assets/AddOns/RosSharp/Urdf/default/crowdbotsim/meshes/RElbowYaw_0.10_0.asset
  artifactKey: Guid(b996fbd9090a8c3bda1bd705ae31c1ac) Importer(815301076,1909f56bfc062723c751e8b465ee728b)
Start importing Assets/AddOns/RosSharp/Urdf/default/crowdbotsim/meshes/RElbowYaw_0.10_0.asset using Guid(b996fbd9090a8c3bda1bd705ae31c1ac) Importer(815301076,1909f56bfc062723c751e8b465ee728b)  -> (artifact id: '401063da2318b7edb7d210b202adc35d') in 0,006726 seconds 
========================================================================
Received Import Request.
  Time since last request: 0,000254 seconds.
  path: Assets/AddOns/RosSharp/Urdf/default/crowdbotsim/meshes/RElbowRoll_milky.obj
  artifactKey: Guid(e7859e62fd97225dd9f54f253192f1fb) Importer(815301076,1909f56bfc062723c751e8b465ee728b)
Start importing Assets/AddOns/RosSharp/Urdf/default/crowdbotsim/meshes/RElbowRoll_milky.obj using Guid(e7859e62fd97225dd9f54f253192f1fb) Importer(815301076,1909f56bfc062723c751e8b465ee728b)  -> (artifact id: '978b3f389c591c0ff161f2a1b55065fa') in 0,026005 seconds 
========================================================================
Received Import Request.
  Time since last request: 0,000215 seconds.
  path: Assets/AddOns/RosSharp/Urdf/default/crowdbotsim/meshes/RFinger11.dae
  artifactKey: Guid(febb95e45ee47561489b4baf746a37e7) Importer(815301076,1909f56bfc062723c751e8b465ee728b)
Start importing Assets/AddOns/RosSharp/Urdf/default/crowdbotsim/meshes/RFinger11.dae using Guid(febb95e45ee47561489b4baf746a37e7) Importer(815301076,1909f56bfc062723c751e8b465ee728b)  -> (artifact id: '20b2c5eb48030d260a72a5607ee25502') in 0,026784 seconds 
========================================================================
Received Import Request.
  Time since last request: 0,000158 seconds.
  path: Assets/AddOns/RosSharp/Urdf/default/crowdbotsim/meshes/LWristYaw.dae
  artifactKey: Guid(581f9bdb69b2d67d2bd78901104e6bbc) Importer(815301076,1909f56bfc062723c751e8b465ee728b)
Start importing Assets/AddOns/RosSharp/Urdf/default/crowdbotsim/meshes/LWristYaw.dae using Guid(581f9bdb69b2d67d2bd78901104e6bbc) Importer(815301076,1909f56bfc062723c751e8b465ee728b)  -> (artifact id: '5c547e5f789d16bb53959fab7bc1dea2') in 0,021619 seconds 
========================================================================
Received Import Request.
  Time since last request: 0,000185 seconds.
  path: Assets/AddOns/RosSharp/Urdf/default/crowdbotsim/meshes/RElbowRoll_0.10.prefab
  artifactKey: Guid(89cd944b8c359682b90de772579ffaf3) Importer(815301076,1909f56bfc062723c751e8b465ee728b)
Start importing Assets/AddOns/RosSharp/Urdf/default/crowdbotsim/meshes/RElbowRoll_0.10.prefab using Guid(89cd944b8c359682b90de772579ffaf3) Importer(815301076,1909f56bfc062723c751e8b465ee728b)  -> (artifact id: 'cb09fe47980af65564c9ad08b6527c02') in 0,011062 seconds 
========================================================================
Received Import Request.
  Time since last request: 0,000208 seconds.
  path: Assets/AddOns/RosSharp/Urdf/default/crowdbotsim/meshes/RFinger21.dae
  artifactKey: Guid(82945c88977f66ba78f702eafec41ec6) Importer(815301076,1909f56bfc062723c751e8b465ee728b)
Start importing Assets/AddOns/RosSharp/Urdf/default/crowdbotsim/meshes/RFinger21.dae using Guid(82945c88977f66ba78f702eafec41ec6) Importer(815301076,1909f56bfc062723c751e8b465ee728b)  -> (artifact id: '7c77b0d0974659f8e35f1d92d7a3e2a0') in 0,023931 seconds 
========================================================================
Received Import Request.
  Time since last request: 0,000230 seconds.
  path: Assets/AddOns/RosSharp/Urdf/default/crowdbotsim/meshes/RFinger21.obj
  artifactKey: Guid(254cfcecdcf3e825c98a9fff8b509199) Importer(815301076,1909f56bfc062723c751e8b465ee728b)
Start importing Assets/AddOns/RosSharp/Urdf/default/crowdbotsim/meshes/RFinger21.obj using Guid(254cfcecdcf3e825c98a9fff8b509199) Importer(815301076,1909f56bfc062723c751e8b465ee728b)  -> (artifact id: '6c4a3de239abce9efc65efa525f8c044') in 0,028058 seconds 
========================================================================
Received Import Request.
  Time since last request: 0,000239 seconds.
  path: Assets/AddOns/RosSharp/Urdf/default/crowdbotsim/meshes/RFinger12.obj
  artifactKey: Guid(e7a71b350bc7e27c580dc66cf8b5f8b9) Importer(815301076,1909f56bfc062723c751e8b465ee728b)
Start importing Assets/AddOns/RosSharp/Urdf/default/crowdbotsim/meshes/RFinger12.obj using Guid(e7a71b350bc7e27c580dc66cf8b5f8b9) Importer(815301076,1909f56bfc062723c751e8b465ee728b)  -> (artifact id: '425b5df2e3a3c709488a34d755eadba0') in 0,032124 seconds 
========================================================================
Received Import Request.
  Time since last request: 0,000389 seconds.
  path: Assets/AddOns/RosSharp/Urdf/default/crowdbotsim/meshes/RElbowRoll_0.10_0.asset
  artifactKey: Guid(e1afdaee9074e0159b8360750f4b4024) Importer(815301076,1909f56bfc062723c751e8b465ee728b)
Start importing Assets/AddOns/RosSharp/Urdf/default/crowdbotsim/meshes/RElbowRoll_0.10_0.asset using Guid(e1afdaee9074e0159b8360750f4b4024) Importer(815301076,1909f56bfc062723c751e8b465ee728b)  -> (artifact id: '1143d903bcad1b1748a7dfbd365ae2b7') in 0,009019 seconds 
========================================================================
Received Import Request.
  Time since last request: 0,000267 seconds.
  path: Assets/AddOns/RosSharp/Urdf/default/crowdbotsim/meshes/RFinger12.dae
  artifactKey: Guid(6284427afbff6f327afca37daed7156d) Importer(815301076,1909f56bfc062723c751e8b465ee728b)
Start importing Assets/AddOns/RosSharp/Urdf/default/crowdbotsim/meshes/RFinger12.dae using Guid(6284427afbff6f327afca37daed7156d) Importer(815301076,1909f56bfc062723c751e8b465ee728b)  -> (artifact id: '896359dd3954d66162242b0772523be9') in 0,022322 seconds 
========================================================================
Received Import Request.
  Time since last request: 0,000297 seconds.
  path: Assets/AddOns/RosSharp/Urdf/default/crowdbotsim/meshes/RFinger13.dae
  artifactKey: Guid(a00a533402f9a47f4b1920758fbe0b6b) Importer(815301076,1909f56bfc062723c751e8b465ee728b)
Start importing Assets/AddOns/RosSharp/Urdf/default/crowdbotsim/meshes/RFinger13.dae using Guid(a00a533402f9a47f4b1920758fbe0b6b) Importer(815301076,1909f56bfc062723c751e8b465ee728b)  -> (artifact id: '1a6e502da35a82b551f896063bfd1112') in 0,020562 seconds 
========================================================================
Received Import Request.
  Time since last request: 0,000209 seconds.
  path: Assets/AddOns/RosSharp/Urdf/default/crowdbotsim/meshes/LThumb2.obj
  artifactKey: Guid(8b3dd70b7dbc0ec67b6c309de4e1703e) Importer(815301076,1909f56bfc062723c751e8b465ee728b)
Start importing Assets/AddOns/RosSharp/Urdf/default/crowdbotsim/meshes/LThumb2.obj using Guid(8b3dd70b7dbc0ec67b6c309de4e1703e) Importer(815301076,1909f56bfc062723c751e8b465ee728b)  -> (artifact id: 'f33df476687bdf790dfaadf60b8f475a') in 0,023729 seconds 
========================================================================
Received Import Request.
  Time since last request: 0,000309 seconds.
  path: Assets/AddOns/RosSharp/Urdf/default/crowdbotsim/meshes/RFinger22.dae
  artifactKey: Guid(d9fa4492f2d871a09b9789837df8df96) Importer(815301076,1909f56bfc062723c751e8b465ee728b)
Start importing Assets/AddOns/RosSharp/Urdf/default/crowdbotsim/meshes/RFinger22.dae using Guid(d9fa4492f2d871a09b9789837df8df96) Importer(815301076,1909f56bfc062723c751e8b465ee728b)  -> (artifact id: '6a27717091e4ca2a3f1b79114d658776') in 0,020644 seconds 
========================================================================
Received Import Request.
  Time since last request: 0,000310 seconds.
  path: Assets/AddOns/RosSharp/Urdf/default/crowdbotsim/meshes/RFinger11.obj
  artifactKey: Guid(5ace67df885baf15aac5fde08e28d7de) Importer(815301076,1909f56bfc062723c751e8b465ee728b)
Start importing Assets/AddOns/RosSharp/Urdf/default/crowdbotsim/meshes/RFinger11.obj using Guid(5ace67df885baf15aac5fde08e28d7de) Importer(815301076,1909f56bfc062723c751e8b465ee728b)  -> (artifact id: 'ed2dbcf40e99b0aa3493426218cf88a4') in 0,028629 seconds 
========================================================================
Received Import Request.
  Time since last request: 0,000309 seconds.
  path: Assets/AddOns/RosSharp/Urdf/default/crowdbotsim/meshes/RElbowYaw.obj
  artifactKey: Guid(d9aaa3dba75ca9636b40b18bbd7729ff) Importer(815301076,1909f56bfc062723c751e8b465ee728b)
Start importing Assets/AddOns/RosSharp/Urdf/default/crowdbotsim/meshes/RElbowYaw.obj using Guid(d9aaa3dba75ca9636b40b18bbd7729ff) Importer(815301076,1909f56bfc062723c751e8b465ee728b)  -> (artifact id: '21510c1cd9f4405336fa5b5bd32bbd02') in 0,023011 seconds 
========================================================================
Received Import Request.
  Time since last request: 0,000461 seconds.
  path: Assets/AddOns/RosSharp/Urdf/default/crowdbotsim/meshes/LWristYaw.obj
  artifactKey: Guid(b2111f9b81cae7708a03cd4de505638a) Importer(815301076,1909f56bfc062723c751e8b465ee728b)
Start importing Assets/AddOns/RosSharp/Urdf/default/crowdbotsim/meshes/LWristYaw.obj using Guid(b2111f9b81cae7708a03cd4de505638a) Importer(815301076,1909f56bfc062723c751e8b465ee728b)  -> (artifact id: '1525b27102f9623b9418a9f13c709cee') in 0,024592 seconds 
========================================================================
Received Import Request.
  Time since last request: 0,000342 seconds.
  path: Assets/AddOns/RosSharp/Urdf/default/crowdbotsim/meshes/RElbowYaw_0.10.prefab
  artifactKey: Guid(88c14904db91c2ea0bb09b204fc60cb6) Importer(815301076,1909f56bfc062723c751e8b465ee728b)
Start importing Assets/AddOns/RosSharp/Urdf/default/crowdbotsim/meshes/RElbowYaw_0.10.prefab using Guid(88c14904db91c2ea0bb09b204fc60cb6) Importer(815301076,1909f56bfc062723c751e8b465ee728b)  -> (artifact id: 'd7b6eb79eee47c58fe2b42c85998e915') in 0,009207 seconds 
========================================================================
Received Import Request.
  Time since last request: 0,000171 seconds.
  path: Assets/AddOns/RosSharp/Urdf/default/crowdbotsim/meshes/RFinger13.obj
  artifactKey: Guid(4d83b68566f1b7bfc8eb7b8b94d69698) Importer(815301076,1909f56bfc062723c751e8b465ee728b)
Start importing Assets/AddOns/RosSharp/Urdf/default/crowdbotsim/meshes/RFinger13.obj using Guid(4d83b68566f1b7bfc8eb7b8b94d69698) Importer(815301076,1909f56bfc062723c751e8b465ee728b)  -> (artifact id: '3ef76257cf1089728989c31e38cdffed') in 0,026357 seconds 
========================================================================
Received Prepare
Registering precompiled user dll's ...
Registered in 0,010188 seconds.
Begin MonoManager ReloadAssembly
Symbol file LoadedFromMemory doesn't match image /home/daniel/Code/cbsim/WaveEnv/Library/PackageCache/com.unity.visualscripting@1.6.1/Editor/VisualScripting.Core/Dependencies/YamlDotNet/Unity.VisualScripting.YamlDotNet.dll
Symbol file LoadedFromMemory doesn't match image /home/daniel/Code/cbsim/WaveEnv/Library/PackageCache/com.unity.visualscripting@1.6.1/Editor/VisualScripting.Core/Dependencies/DotNetZip/Unity.VisualScripting.IonicZip.dll
Native extension for LinuxStandalone target not found
Refreshing native plugins compatible for Editor in 1,62 ms, found 1 plugins.
Preloading 0 native plugins for Editor in 0,00 ms.
Mono: successfully reloaded assembly
- Completed reload, in  2,150 seconds
Domain Reload Profiling:
	ReloadAssembly (2150ms)
		BeginReloadAssembly (265ms)
			ExecutionOrderSort (0ms)
			DisableScriptedObjects (9ms)
			BackupInstance (0ms)
			ReleaseScriptingObjects (0ms)
			CreateAndSetChildDomain (131ms)
		EndReloadAssembly (1749ms)
			LoadAssemblies (188ms)
			RebuildTransferFunctionScriptingTraits (0ms)
			SetupTypeCache (763ms)
			ReleaseScriptCaches (1ms)
			RebuildScriptCaches (58ms)
			SetupLoadedEditorAssemblies (615ms)
				LogAssemblyErrors (0ms)
				InitializePlatformSupportModulesInManaged (8ms)
				SetLoadedEditorAssemblies (1ms)
				RefreshPlugins (2ms)
				BeforeProcessingInitializeOnLoad (75ms)
				ProcessInitializeOnLoadAttributes (516ms)
				ProcessInitializeOnLoadMethodAttributes (6ms)
				AfterProcessingInitializeOnLoad (7ms)
				EditorAssembliesLoaded (0ms)
			ExecutionOrderSort2 (0ms)
			AwakeInstancesAfterBackupRestoration (9ms)
Platform modules already initialized, skipping
Refreshing native plugins compatible for Editor in 0,86 ms, found 1 plugins.
Preloading 0 native plugins for Editor in 0,00 ms.
Unloading 3610 Unused Serialized files (Serialized files now loaded: 0)
System memory in use before: 139,0 MB.
System memory in use after: 139,2 MB.

Unloading 33 unused Assets to reduce memory usage. Loaded Objects now: 4096.
Total: 6,888211 ms (FindLiveObjects: 0,351520 ms CreateObjectMapping: 0,192059 ms MarkObjects: 6,302265 ms  DeleteObjects: 0,041052 ms)

AssetImportParameters requested are different than current active one (requested -> active):
  custom:video-decoder-ogg-theora: a1e56fd34408186e4bbccfd4996cb3dc -> 
  custom:container-muxer-webm: aa71ff27fc2769a1b78a27578f13a17b -> 
  custom:container-demuxer-webm: 4f35f7cbe854078d1ac9338744f61a02 -> 
  custom:container-demuxer-ogg: 62fdf1f143b41e24485cea50d1cbac27 -> 
  custom:video-encoder-webm-vp8: eb34c28f22e8b96e1ab97ce403110664 -> 
  custom:video-decoder-webm-vp8: 9c59270c3fd7afecdb556c50c9e8de78 -> 
  custom:audio-decoder-ogg-vorbis: bf7c407c2cedff20999df2af8eb42d56 -> 
  custom:audio-encoder-webm-vorbis: bf7c407c2cedff20999df2af8eb42d56 -> 
========================================================================
Received Prepare
Registering precompiled user dll's ...
Registered in 0,007516 seconds.
Begin MonoManager ReloadAssembly
Symbol file LoadedFromMemory doesn't match image /home/daniel/Code/cbsim/WaveEnv/Library/PackageCache/com.unity.visualscripting@1.6.1/Editor/VisualScripting.Core/Dependencies/YamlDotNet/Unity.VisualScripting.YamlDotNet.dll
Symbol file LoadedFromMemory doesn't match image /home/daniel/Code/cbsim/WaveEnv/Library/PackageCache/com.unity.visualscripting@1.6.1/Editor/VisualScripting.Core/Dependencies/DotNetZip/Unity.VisualScripting.IonicZip.dll
Native extension for LinuxStandalone target not found
Refreshing native plugins compatible for Editor in 1,01 ms, found 1 plugins.
Preloading 0 native plugins for Editor in 0,00 ms.
Mono: successfully reloaded assembly
- Completed reload, in  2,076 seconds
Domain Reload Profiling:
	ReloadAssembly (2077ms)
		BeginReloadAssembly (159ms)
			ExecutionOrderSort (0ms)
			DisableScriptedObjects (10ms)
			BackupInstance (0ms)
			ReleaseScriptingObjects (0ms)
			CreateAndSetChildDomain (64ms)
		EndReloadAssembly (1828ms)
			LoadAssemblies (123ms)
			RebuildTransferFunctionScriptingTraits (0ms)
			SetupTypeCache (626ms)
			ReleaseScriptCaches (1ms)
			RebuildScriptCaches (78ms)
			SetupLoadedEditorAssemblies (823ms)
				LogAssemblyErrors (0ms)
				InitializePlatformSupportModulesInManaged (8ms)
				SetLoadedEditorAssemblies (1ms)
				RefreshPlugins (1ms)
				BeforeProcessingInitializeOnLoad (80ms)
				ProcessInitializeOnLoadAttributes (719ms)
				ProcessInitializeOnLoadMethodAttributes (6ms)
				AfterProcessingInitializeOnLoad (8ms)
				EditorAssembliesLoaded (1ms)
			ExecutionOrderSort2 (0ms)
			AwakeInstancesAfterBackupRestoration (14ms)
Platform modules already initialized, skipping
Refreshing native plugins compatible for Editor in 1,00 ms, found 1 plugins.
Preloading 0 native plugins for Editor in 0,00 ms.
Unloading 3610 Unused Serialized files (Serialized files now loaded: 0)
System memory in use before: 139,1 MB.
System memory in use after: 139,3 MB.

Unloading 32 unused Assets to reduce memory usage. Loaded Objects now: 4099.
Total: 8,570560 ms (FindLiveObjects: 0,415055 ms CreateObjectMapping: 0,188058 ms MarkObjects: 7,909844 ms  DeleteObjects: 0,055050 ms)

AssetImportParameters requested are different than current active one (requested -> active):
  custom:video-decoder-ogg-theora: a1e56fd34408186e4bbccfd4996cb3dc -> 
  custom:container-muxer-webm: aa71ff27fc2769a1b78a27578f13a17b -> 
  custom:container-demuxer-webm: 4f35f7cbe854078d1ac9338744f61a02 -> 
  custom:container-demuxer-ogg: 62fdf1f143b41e24485cea50d1cbac27 -> 
  custom:video-encoder-webm-vp8: eb34c28f22e8b96e1ab97ce403110664 -> 
  custom:video-decoder-webm-vp8: 9c59270c3fd7afecdb556c50c9e8de78 -> 
  custom:audio-decoder-ogg-vorbis: bf7c407c2cedff20999df2af8eb42d56 -> 
  custom:audio-encoder-webm-vorbis: bf7c407c2cedff20999df2af8eb42d56 -> 
